Start testing: Sep 21 09:19 CEST
----------------------------------------------------------
7/35 Testing: test_field
7/35 Test: test_field
Command: "/home/steven/cfdx_dev/build-test/test_field"
Directory: /home/steven/cfdx_dev/build-test
"test_field" start time: Sep 21 09:19 CEST
Output:
----------------------------------------------------------
Running 12 test cases...
  PASS: default_empty
  PASS: explicit_size_scalar
  PASS: set_get_scalar
  PASS: fill
  PASS: index_out_of_range
  PASS: metadata
  PASS: valid_finite
  PASS: invalid_nan
  PASS: resize
  PASS: clear
  PASS: bulk_data_access
  PASS: location_from_string

Results: 12 passed, 0 failed
<end of output>
Test time =   0.00 sec
----------------------------------------------------------
Test Passed.
"test_field" end time: Sep 21 09:19 CEST
"test_field" time elapsed: 00:00:00
----------------------------------------------------------

8/35 Testing: test_field_storage
8/35 Test: test_field_storage
Command: "/home/steven/cfdx_dev/build-test/test_field_storage"
Directory: /home/steven/cfdx_dev/build-test
"test_field_storage" start time: Sep 21 09:19 CEST
Output:
----------------------------------------------------------
Running 10 test cases...
  PASS: field_metadata_default
  PASS: field_metadata_modifiable
  PASS: storage_default_host_only
  PASS: storage_resize
  PASS: storage_clear
  PASS: storage_mark_host_dirty
  PASS: storage_mark_device_dirty
  PASS: storage_to_string
  PASS: location_to_string
  PASS: host_storage_data_access

Results: 10 passed, 0 failed
<end of output>
Test time =   0.00 sec
----------------------------------------------------------
Test Passed.
"test_field_storage" end time: Sep 21 09:19 CEST
"test_field_storage" time elapsed: 00:00:00
----------------------------------------------------------

11/35 Testing: test_gradient
11/35 Test: test_gradient
Command: "/home/steven/cfdx_dev/build-test/test_gradient"
Directory: /home/steven/cfdx_dev/build-test
"test_gradient" start time: Sep 21 09:19 CEST
Output:
----------------------------------------------------------
Running 6 test cases...
  PASS: gradient_dimension3
  PASS: gradient_constant_field
  PASS: gradient_size_mismatch
  PASS: gradient_vector_field_rejected
  PASS: gradient_metadata
  PASS: gradient_empty_mesh

Results: 6 passed, 0 failed
<end of output>
Test time =   0.00 sec
----------------------------------------------------------
Test Passed.
"test_gradient" end time: Sep 21 09:19 CEST
"test_gradient" time elapsed: 00:00:00
----------------------------------------------------------

12/35 Testing: test_divergence
12/35 Test: test_divergence
Command: "/home/steven/cfdx_dev/build-test/test_divergence"
Directory: /home/steven/cfdx_dev/build-test
"test_divergence" start time: Sep 21 09:19 CEST
Output:
----------------------------------------------------------
Running 7 test cases...
  PASS: divergence_dimension1
  PASS: divergence_zero_flux
  PASS: divergence_constant_flux
  PASS: divergence_size_mismatch
  PASS: divergence_vector_field_rejected
  PASS: divergence_metadata
  PASS: divergence_empty_mesh

Results: 7 passed, 0 failed
<end of output>
Test time =   0.00 sec
----------------------------------------------------------
Test Passed.
"test_divergence" end time: Sep 21 09:19 CEST
"test_divergence" time elapsed: 00:00:00
----------------------------------------------------------

13/35 Testing: test_flux
13/35 Test: test_flux
Command: "/home/steven/cfdx_dev/build-test/test_flux"
Directory: /home/steven/cfdx_dev/build-test
"test_flux" start time: Sep 21 09:19 CEST
Output:
----------------------------------------------------------
Running 7 test cases...
  PASS: flux_dimension1
  PASS: flux_zero_velocity
  PASS: flux_uniform_x
  PASS: flux_size_mismatch
  PASS: flux_wrong_dimension
  PASS: flux_metadata
  PASS: flux_empty_mesh

Results: 7 passed, 0 failed
<end of output>
Test time =   0.00 sec
----------------------------------------------------------
Test Passed.
"test_flux" end time: Sep 21 09:19 CEST
"test_flux" time elapsed: 00:00:00
----------------------------------------------------------

14/35 Testing: test_integrate
14/35 Test: test_integrate
Command: "/home/steven/cfdx_dev/build-test/test_integrate"
Directory: /home/steven/cfdx_dev/build-test
"test_integrate" start time: Sep 21 09:19 CEST
Output:
----------------------------------------------------------
Running 10 test cases...
  PASS: surface_integrate_dimension3
  PASS: surface_integrate_zero
  PASS: surface_integrate_constant
  PASS: surface_integrate_size_mismatch
  PASS: surface_integrate_metadata
  PASS: volume_integrate_unit_cube
  PASS: volume_integrate_constant
  PASS: volume_integrate_size_mismatch
  PASS: volume_integrate_vector_rejected
  PASS: volume_integrate_empty_mesh

Results: 10 passed, 0 failed
<end of output>
Test time =   0.00 sec
----------------------------------------------------------
Test Passed.
"test_integrate" end time: Sep 21 09:19 CEST
"test_integrate" time elapsed: 00:00:00
----------------------------------------------------------

24/35 Testing: test_mesh_quality
24/35 Test: test_mesh_quality
Command: "/home/steven/cfdx_dev/build-test/test_mesh_quality"
Directory: /home/steven/cfdx_dev/build-test
"test_mesh_quality" start time: Sep 21 09:19 CEST
Output:
----------------------------------------------------------
Running 6 test cases...
  PASS: orthogonal_face_zero_non_orthogonality
  PASS: skewed_face_nonzero_skewness
  PASS: 45_degree_non_orthogonality
  PASS: zero_distance_safe
  PASS: zero_area_safe
  PASS: skewness_bounded_0_1

Results: 6 passed, 0 failed
<end of output>
Test time =   0.00 sec
----------------------------------------------------------
Test Passed.
"test_mesh_quality" end time: Sep 21 09:19 CEST
"test_mesh_quality" time elapsed: 00:00:00
----------------------------------------------------------

25/35 Testing: test_source_term
25/35 Test: test_source_term
Command: "/home/steven/cfdx_dev/build-test/test_source_term"
Directory: /home/steven/cfdx_dev/build-test
"test_source_term" start time: Sep 21 09:19 CEST
Output:
----------------------------------------------------------
Running 10 test cases...
  PASS: constant_source
  PASS: linear_source
  PASS: decay_source
  PASS: exponential_source
  PASS: power_source
  PASS: linearize_source_general
  PASS: update_linearization
  PASS: spatial_source
  PASS: apply_to_cell
  PASS: source_term_copy_constructor

Results: 10 passed, 0 failed
<end of output>
Test time =   0.01 sec
----------------------------------------------------------
Test Passed.
"test_source_term" end time: Sep 21 09:19 CEST
"test_source_term" time elapsed: 00:00:00
----------------------------------------------------------

26/35 Testing: test_temporal_physics
26/35 Test: test_temporal_physics
Command: "/home/steven/cfdx_dev/build-test/test_temporal_physics"
Directory: /home/steven/cfdx_dev/build-test
"test_temporal_physics" start time: Sep 21 09:19 CEST
Output:
----------------------------------------------------------
Running 5 test cases...
  PASS: explicit_euler_decay
  PASS: implicit_euler_placeholder
  PASS: crank_nicolson_decay
  PASS: bdf2_decay
  PASS: derivative_finite_diff

Results: 5 passed, 0 failed
<end of output>
Test time =   0.00 sec
----------------------------------------------------------
Test Passed.
"test_temporal_physics" end time: Sep 21 09:19 CEST
"test_temporal_physics" time elapsed: 00:00:00
----------------------------------------------------------

27/35 Testing: test_geometry_cache
27/35 Test: test_geometry_cache
Command: "/home/steven/cfdx_dev/build-test/test_geometry_cache"
Directory: /home/steven/cfdx_dev/build-test
"test_geometry_cache" start time: Sep 21 09:19 CEST
Output:
----------------------------------------------------------
Running 9 test cases...
  PASS: geometry_cache_basic
  PASS: geometry_cache_cube_volume
  PASS: geometry_cache_cube_centre
  PASS: geometry_cache_face_areas
  PASS: geometry_cache_face_normals
  PASS: geometry_cache_surface_closure
  PASS: geometry_cache_quality_metrics
  PASS: geometry_cache_delta_coeffs
  PASS: geometry_cache_empty_mesh

Results: 9 passed, 0 failed
<end of output>
Test time =   0.01 sec
----------------------------------------------------------
Test Passed.
"test_geometry_cache" end time: Sep 21 09:19 CEST
"test_geometry_cache" time elapsed: 00:00:00
----------------------------------------------------------

29/35 Testing: test_transport_models
29/35 Test: test_transport_models
Command: "/home/steven/cfdx_dev/build-test/test_transport_models"
Directory: /home/steven/cfdx_dev/build-test
"test_transport_models" start time: Sep 21 09:19 CEST
Output:
----------------------------------------------------------
Running 12 test cases...
  PASS: ideal_gas_density
  PASS: ideal_gas_enthalpy
  PASS: ideal_gas_speed_of_sound
  PASS: ideal_gas_density_comparison
  PASS: constant_viscosity
  PASS: sutherland_viscosity
  PASS: power_law_viscosity
  PASS: prandtl_conductivity
  PASS: compute_transport_with_rho
  PASS: compute_transport_with_eos
  PASS: incompressible_eos
  PASS: transport_fields_on_field

Results: 12 passed, 0 failed
<end of output>
Test time =   0.00 sec
----------------------------------------------------------
Test Passed.
"test_transport_models" end time: Sep 21 09:19 CEST
"test_transport_models" time elapsed: 00:00:00
----------------------------------------------------------

32/35 Testing: test_field_roundtrip
32/35 Test: test_field_roundtrip
Command: "/home/steven/cfdx_dev/build-test/test_field_roundtrip"
Directory: /home/steven/cfdx_dev/build-test
"test_field_roundtrip" start time: Sep 21 09:19 CEST
Output:
----------------------------------------------------------
Running 1 test cases...
HDF5-DIAG: Error detected in HDF5 (1.10.7) thread 0:
  #000: H5G.c line 463 in H5Gopen2(): unable to open group
    major: Symbol table
    minor: Can't open object
  #001: H5Gint.c line 280 in H5G__open_name(): group not found
    major: Symbol table
    minor: Object not found
  #002: H5Gloc.c line 420 in H5G_loc_find(): can't find object
    major: Symbol table
    minor: Object not found
  #003: H5Gtraverse.c line 848 in H5G_traverse(): internal path traversal failed
    major: Symbol table
    minor: Object not found
  #004: H5Gtraverse.c line 624 in H5G__traverse_real(): traversal operator failed
    major: Symbol table
    minor: Callback failed
  #005: H5Gloc.c line 376 in H5G__loc_find_cb(): object 'fields' doesn't exist
    major: Symbol table
    minor: Object not found
  PASS: field_write_read_roundtrip

Results: 1 passed, 0 failed
<end of output>
Test time =   0.00 sec
----------------------------------------------------------
Test Passed.
"test_field_roundtrip" end time: Sep 21 09:19 CEST
"test_field_roundtrip" time elapsed: 00:00:00
----------------------------------------------------------

End testing: Sep 21 09:19 CEST
